<?xml version="1.0" encoding="UTF-8"?>
<!-- Generated by org.testng.reporters.JUnitReportReporter -->
<testsuite hostname="MOHANK-WIN10" failures="0" tests="4" name="api.test.UserTests" time="20.859" errors="0" timestamp="2024-04-29T23:22:29 IST" skipped="0">
  <testcase classname="api.test.UserTests" name="testPostUser" time="4.876"/>
  <testcase classname="api.test.UserTests" name="testGetUserByName" time="4.116"/>
  <testcase classname="api.test.UserTests" name="testUpdateUserByName" time="7.876"/>
  <testcase classname="api.test.UserTests" name="testDeleteUserByName" time="3.991"/>
</testsuite> <!-- api.test.UserTests -->
