<?xml version="1.0" encoding="UTF-8"?>
<!-- Generated by org.testng.reporters.JUnitReportReporter -->
<testsuite hostname="MOHANK-WIN10" failures="0" tests="6" name="api.test.DDTests" time="20.771" errors="0" timestamp="2024-04-29T23:22:29 IST" skipped="0">
  <testcase classname="api.test.DDTests" name="testPostUser" time="3.391"/>
  <testcase classname="api.test.DDTests" name="testPostUser" time="5.926"/>
  <testcase classname="api.test.DDTests" name="testPostUser" time="3.181"/>
  <testcase classname="api.test.DDTests" name="testDeleteUserByName" time="3.140"/>
  <testcase classname="api.test.DDTests" name="testDeleteUserByName" time="1.818"/>
  <testcase classname="api.test.DDTests" name="testDeleteUserByName" time="3.315"/>
</testsuite> <!-- api.test.DDTests -->
